#
# A fatal error has been detected by the Java Runtime Environment:
#
#  SIGBUS (0xa) at pc=0x00007f928b80f000, pid=53464, tid=0x0000000000002403
#
# JRE version: OpenJDK Runtime Environment (8.0_292-b10) (build 1.8.0_292-b10)
# Java VM: OpenJDK 64-Bit Server VM (25.292-b10 mixed mode bsd-amd64 compressed oops)
# Problematic frame:
# C  0x00007f928b80f000
#
# Failed to write core dump. Core dumps have been disabled. To enable core dumping, try "ulimit -c unlimited" before starting Java again
#
# If you would like to submit a bug report, please visit:
#   https://github.com/AdoptOpenJDK/openjdk-support/issues
#

---------------  T H R E A D  ---------------

Current thread (0x00007f928b80f000):  JavaThread "main" [_thread_in_vm, id=9219, stack(0x00000003053b8000,0x00000003054b8000)]

siginfo: si_signo: 10 (SIGBUS), si_code: 2 (BUS_ADRERR), si_addr: 0x00007f928b80f000

Registers:
RAX=0x0000000000000000, RBX=0x00000000000000a8, RCX=0x00007f928b80f000, RDX=0x00000000000000a8
RSP=0x00000003054b4318, RBP=0x0000000109cad282, RSI=0x00000007960de588, RDI=0x00000003054b42e8
R8 =0x00007f928b80f000, R9 =0x000000079617aa40, R10=0x0000600003204278, R11=0x000000079617aa50
R12=0x00000007960de588, R13=0x00007f928b80f000, R14=0x00000007c00007a8, R15=0x00000007960de588
RIP=0x00007f928b80f000, EFLAGS=0x0000000000000216, ERR=0x0000000000000015
  TRAPNO=0x000000000000000e

Top of Stack: (sp=0x00000003054b4318)
0x00000003054b4318:   00000007960de550 00000015054b4350
0x00000003054b4328:   0000000000000096 00000007c00007a8
0x00000003054b4338:   00007f928b80f000 00007f928b80f000
0x00000003054b4348:   00000007960de588 00000003054b43a0
0x00000003054b4358:   000000010a17632e 0000008a960db190
0x00000003054b4368:   00007f928b80f000 000000019deb00fd
0x00000003054b4378:   00007f928b80f000 0000000000000000
0x00000003054b4388:   00000007960de4d8 0000000000000096
0x00000003054b4398:   00007f928b80f000 00000003054b43e0
0x00000003054b43a8:   000000010a0e9799 000000011fd9cbc8
0x00000003054b43b8:   00007f928b80f000 0000000000000032
0x00000003054b43c8:   0000000000000000 0000000797676d78
0x00000003054b43d8:   00007f928b80f000 00000007960db190
0x00000003054b43e8:   000000010bb60647 00000007960db190
0x00000003054b43f8:   000000010bdee674 00000007960db190
0x00000003054b4408:   000060000129d680 000060000129d680
0x00000003054b4418:   00000032f2eceda6 0000000797676d78
0x00000003054b4428:   00000007960de4d8 0000000100000096
0x00000003054b4438:   0000000797676cf0 00000000f2eceda6
0x00000003054b4448:   0000000797676d30 0000000797676d30
0x00000003054b4458:   00000007960dd838 0000000000000009
0x00000003054b4468:   0000000797628850 0000000000000000
0x00000003054b4478:   000000010be06b94 00000007f2eced6f
0x00000003054b4488:   0000000797676b78 0000000700000000
0x00000003054b4498:   00000007960db190 0000000000000009
0x00000003054b44a8:   00000001f2f44b69 0000000797a25b48
0x00000003054b44b8:   00000007960dd838 00000003054b44f0
0x00000003054b44c8:   000000010a17a1dd 0000000000000000
0x00000003054b44d8:   000000010be33f70 000000000000001a
0x00000003054b44e8:   0000000000000000 00000007960db190
0x00000003054b44f8:   0000000797628850 00000007976402a8
0x00000003054b4508:   00000007960dd2d0 00000007960dd838 

Instructions: (pc=0x00007f928b80f000)
0x00007f928b80efe0:   72 2c 20 42 6f 73 74 6f 6e 2c 20 4d 41 20 30 32
0x00007f928b80eff0:   31 31 30 2d 31 33 30 31 20 55 53 41 2e 0a 23 0a
0x00007f928b80f000:   18 97 2e 0a 01 00 00 00 00 00 00 00 00 00 00 00
0x00007f928b80f010:   00 00 00 00 00 00 00 00 00 00 00 00 20 4f 72 61 

Register to memory mapping:

RAX=0x0000000000000000 is an unknown value
RBX=0x00000000000000a8 is an unknown value
RCX=0x00007f928b80f000 is a thread
RDX=0x00000000000000a8 is an unknown value
RSP=0x00000003054b4318 is pointing into the stack for thread: 0x00007f928b80f000
RBP=0x0000000109cad282: _Z22post_allocation_notify11KlassHandleP7oopDesci+0xa7 in /Library/Java/JavaVirtualMachines/adoptopenjdk-8.jdk/Contents/Home/jre/lib/server/libjvm.dylib at 0x0000000109c08000
RSI=0x00000007960de588 is an oop
[B 
 - klass: {type array byte}
 - length: 150
RDI=0x00000003054b42e8 is pointing into the stack for thread: 0x00007f928b80f000
R8 =0x00007f928b80f000 is a thread
R9 =0x000000079617aa40 is an oop
